[debug] [2024-04-14T11:37:24.965Z] ----------------------------------------------------------------------
[debug] [2024-04-14T11:37:24.967Z] Command:       C:\Program Files\nodejs\node.exe C:\Users\User\AppData\Roaming\npm\node_modules\firebase-tools\lib\bin\firebase.js init
[debug] [2024-04-14T11:37:24.968Z] CLI Version:   13.7.2
[debug] [2024-04-14T11:37:24.968Z] Platform:      win32
[debug] [2024-04-14T11:37:24.968Z] Node Version:  v20.12.2
[debug] [2024-04-14T11:37:24.968Z] Time:          Sun Apr 14 2024 08:37:24 GMT-0300 (Horário Padrão de Brasília)
[debug] [2024-04-14T11:37:24.968Z] ----------------------------------------------------------------------
[debug] 
[debug] [2024-04-14T11:37:24.974Z] > command requires scopes: ["email","openid","https://www.googleapis.com/auth/cloudplatformprojects.readonly","https://www.googleapis.com/auth/firebase","https://www.googleapis.com/auth/cloud-platform"]
[debug] [2024-04-14T11:37:24.975Z] > authorizing via signed-in user (natzapt@gmail.com)
[info] 
     ######## #### ########  ######## ########     ###     ######  ########
     ##        ##  ##     ## ##       ##     ##  ##   ##  ##       ##
     ######    ##  ########  ######   ########  #########  ######  ######
     ##        ##  ##    ##  ##       ##     ## ##     ##       ## ##
     ##       #### ##     ## ######## ########  ##     ##  ######  ########

You're about to initialize a Firebase project in this directory:

  C:\Users\User\Documents\Dev\minigame

[info] 
=== Project Setup
[info] 
[info] First, let's associate this project directory with a Firebase project.
[info] You can create multiple project aliases by running firebase use --add, 
[info] but for now we'll just set up a default project.
[info] 
[debug] [2024-04-14T11:39:53.409Z] >>> [apiv2][query] GET https://firebase.googleapis.com/v1beta1/projects pageSize=100
[debug] [2024-04-14T11:39:54.511Z] <<< [apiv2][status] GET https://firebase.googleapis.com/v1beta1/projects 200
[debug] [2024-04-14T11:39:54.511Z] <<< [apiv2][body] GET https://firebase.googleapis.com/v1beta1/projects [omitted]
[info] i  Using project jogo-learning (Jogo Learning) 
[info] 
=== Hosting Setup
[debug] [2024-04-14T11:40:00.368Z] >>> [apiv2][query] GET https://firebase.googleapis.com/v1beta1/projects/jogo-learning [none]
[debug] [2024-04-14T11:40:00.851Z] <<< [apiv2][status] GET https://firebase.googleapis.com/v1beta1/projects/jogo-learning 200
[debug] [2024-04-14T11:40:00.851Z] <<< [apiv2][body] GET https://firebase.googleapis.com/v1beta1/projects/jogo-learning {"projectId":"jogo-learning","projectNumber":"179079576613","displayName":"Jogo Learning","name":"projects/jogo-learning","resources":{"hostingSite":"jogo-learning"},"state":"ACTIVE","etag":"1_7c4cf5dc-e74d-475a-a3fd-4caa826c3ef3"}
[info] 
[info] Your public directory is the folder (relative to your project directory) that
[info] will contain Hosting assets to be uploaded with firebase deploy. If you
[info] have a build process for your assets, use your build's output directory.
[info] 
[debug] [2024-04-14T11:43:32.984Z] >>> [apiv2][query] GET https://www.gstatic.com/firebasejs/releases.json [none]
[debug] [2024-04-14T11:43:33.275Z] <<< [apiv2][status] GET https://www.gstatic.com/firebasejs/releases.json 200
[debug] [2024-04-14T11:43:33.275Z] <<< [apiv2][body] GET https://www.gstatic.com/firebasejs/releases.json {"current":{"version":"10.11.0","browserURL":"https://www.gstatic.com/firebasejs/10.11.0/firebase.js","packageURL":"https://www.gstatic.com/firebasejs/10.11.0/firebase.tgz"},"live":{"version":"10.11","browserURL":"https://www.gstatic.com/firebasejs/live/10.11/firebase.js","packageURL":"https://www.gstatic.com/firebasejs/live/10.11/firebase.tgz"},"components":{"analytics":"https://www.gstatic.com/firebasejs/10.11.0/firebase-analytics.js","app":"https://www.gstatic.com/firebasejs/10.11.0/firebase-app.js","app-check":"https://www.gstatic.com/firebasejs/10.11.0/firebase-app-check.js","auth":"https://www.gstatic.com/firebasejs/10.11.0/firebase-auth.js","auth/cordova":"https://www.gstatic.com/firebasejs/10.11.0/firebase-auth/cordova.js","auth/web-extension":"https://www.gstatic.com/firebasejs/10.11.0/firebase-auth/web-extension.js","functions":"https://www.gstatic.com/firebasejs/10.11.0/firebase-functions.js","firestore":"https://www.gstatic.com/firebasejs/10.11.0/firebase-firestore.js","firestore/lite":"https://www.gstatic.com/firebasejs/10.11.0/firebase-firestore/lite.js","installations":"https://www.gstatic.com/firebasejs/10.11.0/firebase-installations.js","storage":"https://www.gstatic.com/firebasejs/10.11.0/firebase-storage.js","performance":"https://www.gstatic.com/firebasejs/10.11.0/firebase-performance.js","remote-config":"https://www.gstatic.com/firebasejs/10.11.0/firebase-remote-config.js","messaging":"https://www.gstatic.com/firebasejs/10.11.0/firebase-messaging.js","messaging/sw":"https://www.gstatic.com/firebasejs/10.11.0/firebase-messaging/sw.js","database":"https://www.gstatic.com/firebasejs/10.11.0/firebase-database.js","firestore.memory":"https://www.gstatic.com/firebasejs/10.11.0/firebase-firestore.memory.js"}}
[info] +  Wrote (public)/index.html 
[info] 
[info] i  Didn't detect a .git folder. Assuming C:\Users\User\Documents\Dev\minigame is the project root. 
[info] i  Authorizing with GitHub to upload your service account to a GitHub repository's secrets store. 
[info] 
[info] Visit this URL on this device to log in:
[info] https://github.com/login/oauth/authorize?client_id=89cf50f02ac6aaed3484&state=519102921&redirect_uri=http%3A%2F%2Flocalhost%3A9005&scope=read%3Auser%20repo%20public_repo
[info] 
[info] Waiting for authentication...
[debug] [2024-04-14T12:12:06.071Z] >>> [apiv2][query] POST https://github.com/login/oauth/access_token [none]
[debug] [2024-04-14T12:12:06.078Z] >>> [apiv2][body] POST https://github.com/login/oauth/access_token [stream]
[debug] [2024-04-14T12:12:06.574Z] <<< [apiv2][status] POST https://github.com/login/oauth/access_token 200
[debug] [2024-04-14T12:12:06.575Z] <<< [apiv2][body] POST https://github.com/login/oauth/access_token {"access_token":"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","token_type":"bearer","scope":"read:user,repo"}
[debug] [2024-04-14T12:12:06.623Z] >>> [apiv2][query] GET https://api.github.com/user [none]
[debug] [2024-04-14T12:12:07.032Z] <<< [apiv2][status] GET https://api.github.com/user 200
[debug] [2024-04-14T12:12:07.033Z] <<< [apiv2][body] GET https://api.github.com/user {"login":"nathanGtfe","id":167000264,"node_id":"U_kgDOCfQ4yA","avatar_url":"https://avatars.githubusercontent.com/u/167000264?v=4","gravatar_id":"","url":"https://api.github.com/users/nathanGtfe","html_url":"https://github.com/nathanGtfe","followers_url":"https://api.github.com/users/nathanGtfe/followers","following_url":"https://api.github.com/users/nathanGtfe/following{/other_user}","gists_url":"https://api.github.com/users/nathanGtfe/gists{/gist_id}","starred_url":"https://api.github.com/users/nathanGtfe/starred{/owner}{/repo}","subscriptions_url":"https://api.github.com/users/nathanGtfe/subscriptions","organizations_url":"https://api.github.com/users/nathanGtfe/orgs","repos_url":"https://api.github.com/users/nathanGtfe/repos","events_url":"https://api.github.com/users/nathanGtfe/events{/privacy}","received_events_url":"https://api.github.com/users/nathanGtfe/received_events","type":"User","site_admin":false,"name":null,"company":null,"blog":"","location":null,"email":null,"hireable":null,"bio":null,"twitter_username":null,"public_repos":0,"public_gists":0,"followers":0,"following":0,"created_at":"2024-04-14T12:11:50Z","updated_at":"2024-04-14T12:11:50Z","private_gists":0,"total_private_repos":0,"owned_private_repos":0,"disk_usage":0,"collaborators":0,"two_factor_authentication":false,"plan":{"name":"free","space":976562499,"collaborators":0,"private_repos":10000}}
[info] 
[info] +  Success! Logged into GitHub as nathanGtfe 
[info] 
[debug] [2024-04-14T12:14:28.850Z] >>> [apiv2][query] GET https://api.github.com/repos/Dev/minigame/actions/secrets/public-key type=owner
[debug] [2024-04-14T12:14:29.207Z] <<< [apiv2][status] GET https://api.github.com/repos/Dev/minigame/actions/secrets/public-key 404
[debug] [2024-04-14T12:14:29.207Z] <<< [apiv2][body] GET https://api.github.com/repos/Dev/minigame/actions/secrets/public-key {"message":"Not Found","documentation_url":"https://docs.github.com/rest/actions/secrets#get-a-repository-public-key"}
[info] 
[info] 
[error] !  The provided authorization cannot be used with this repository. If this repository is in an organization, did you remember to grant access? 
[info] 
[info] i  Action required: Visit this URL to ensure access has been granted to the appropriate organization(s) for the Firebase CLI GitHub OAuth App: 
[info] https://github.com/settings/connections/applications/89cf50f02ac6aaed3484
[info] 
[debug] [2024-04-14T12:14:58.817Z] >>> [apiv2][query] GET https://api.github.com/repos/Dev/minigame/actions/secrets/public-key type=owner
[debug] [2024-04-14T12:14:59.143Z] <<< [apiv2][status] GET https://api.github.com/repos/Dev/minigame/actions/secrets/public-key 404
[debug] [2024-04-14T12:14:59.143Z] <<< [apiv2][body] GET https://api.github.com/repos/Dev/minigame/actions/secrets/public-key {"message":"Not Found","documentation_url":"https://docs.github.com/rest/actions/secrets#get-a-repository-public-key"}
[info] 
[info] 
[error] !  The provided authorization cannot be used with this repository. If this repository is in an organization, did you remember to grant access? 
[info] 
[info] i  Action required: Visit this URL to ensure access has been granted to the appropriate organization(s) for the Firebase CLI GitHub OAuth App: 
[info] https://github.com/settings/connections/applications/89cf50f02ac6aaed3484
[info] 
[debug] [2024-04-14T12:18:29.899Z] ----------------------------------------------------------------------
[debug] [2024-04-14T12:18:29.901Z] Command:       C:\Program Files\nodejs\node.exe C:\Users\User\AppData\Roaming\npm\node_modules\firebase-tools\lib\bin\firebase.js init
[debug] [2024-04-14T12:18:29.901Z] CLI Version:   13.7.2
[debug] [2024-04-14T12:18:29.901Z] Platform:      win32
[debug] [2024-04-14T12:18:29.901Z] Node Version:  v20.12.2
[debug] [2024-04-14T12:18:29.901Z] Time:          Sun Apr 14 2024 09:18:29 GMT-0300 (Horário Padrão de Brasília)
[debug] [2024-04-14T12:18:29.901Z] ----------------------------------------------------------------------
[debug] 
[debug] [2024-04-14T12:18:29.906Z] > command requires scopes: ["email","openid","https://www.googleapis.com/auth/cloudplatformprojects.readonly","https://www.googleapis.com/auth/firebase","https://www.googleapis.com/auth/cloud-platform"]
[debug] [2024-04-14T12:18:29.907Z] > authorizing via signed-in user (natzapt@gmail.com)
[info] 
     ######## #### ########  ######## ########     ###     ######  ########
     ##        ##  ##     ## ##       ##     ##  ##   ##  ##       ##
     ######    ##  ########  ######   ########  #########  ######  ######
     ##        ##  ##    ##  ##       ##     ## ##     ##       ## ##
     ##       #### ##     ## ######## ########  ##     ##  ######  ########

You're about to initialize a Firebase project in this directory:

  C:\Users\User\Documents\Dev\minigame

[info] 
=== Project Setup
[info] 
[info] First, let's associate this project directory with a Firebase project.
[info] You can create multiple project aliases by running firebase use --add, 
[info] but for now we'll just set up a default project.
[info] 
[debug] [2024-04-14T12:18:48.567Z] >>> [apiv2][query] GET https://firebase.googleapis.com/v1beta1/projects pageSize=100
[debug] [2024-04-14T12:18:49.672Z] <<< [apiv2][status] GET https://firebase.googleapis.com/v1beta1/projects 200
[debug] [2024-04-14T12:18:49.673Z] <<< [apiv2][body] GET https://firebase.googleapis.com/v1beta1/projects [omitted]
[info] i  Using project jogo-learning (Jogo Learning) 
[info] 
=== Hosting Setup
[debug] [2024-04-14T12:18:53.845Z] >>> [apiv2][query] GET https://firebase.googleapis.com/v1beta1/projects/jogo-learning [none]
[debug] [2024-04-14T12:18:54.194Z] <<< [apiv2][status] GET https://firebase.googleapis.com/v1beta1/projects/jogo-learning 200
[debug] [2024-04-14T12:18:54.195Z] <<< [apiv2][body] GET https://firebase.googleapis.com/v1beta1/projects/jogo-learning {"projectId":"jogo-learning","projectNumber":"179079576613","displayName":"Jogo Learning","name":"projects/jogo-learning","resources":{"hostingSite":"jogo-learning"},"state":"ACTIVE","etag":"1_7c4cf5dc-e74d-475a-a3fd-4caa826c3ef3"}
[info] 
[info] Your public directory is the folder (relative to your project directory) that
[info] will contain Hosting assets to be uploaded with firebase deploy. If you
[info] have a build process for your assets, use your build's output directory.
[info] 
[debug] [2024-04-14T12:19:11.626Z] >>> [apiv2][query] GET https://www.gstatic.com/firebasejs/releases.json [none]
[debug] [2024-04-14T12:19:11.857Z] <<< [apiv2][status] GET https://www.gstatic.com/firebasejs/releases.json 200
[debug] [2024-04-14T12:19:11.857Z] <<< [apiv2][body] GET https://www.gstatic.com/firebasejs/releases.json {"current":{"version":"10.11.0","browserURL":"https://www.gstatic.com/firebasejs/10.11.0/firebase.js","packageURL":"https://www.gstatic.com/firebasejs/10.11.0/firebase.tgz"},"live":{"version":"10.11","browserURL":"https://www.gstatic.com/firebasejs/live/10.11/firebase.js","packageURL":"https://www.gstatic.com/firebasejs/live/10.11/firebase.tgz"},"components":{"analytics":"https://www.gstatic.com/firebasejs/10.11.0/firebase-analytics.js","app":"https://www.gstatic.com/firebasejs/10.11.0/firebase-app.js","app-check":"https://www.gstatic.com/firebasejs/10.11.0/firebase-app-check.js","auth":"https://www.gstatic.com/firebasejs/10.11.0/firebase-auth.js","auth/cordova":"https://www.gstatic.com/firebasejs/10.11.0/firebase-auth/cordova.js","auth/web-extension":"https://www.gstatic.com/firebasejs/10.11.0/firebase-auth/web-extension.js","functions":"https://www.gstatic.com/firebasejs/10.11.0/firebase-functions.js","firestore":"https://www.gstatic.com/firebasejs/10.11.0/firebase-firestore.js","firestore/lite":"https://www.gstatic.com/firebasejs/10.11.0/firebase-firestore/lite.js","installations":"https://www.gstatic.com/firebasejs/10.11.0/firebase-installations.js","storage":"https://www.gstatic.com/firebasejs/10.11.0/firebase-storage.js","performance":"https://www.gstatic.com/firebasejs/10.11.0/firebase-performance.js","remote-config":"https://www.gstatic.com/firebasejs/10.11.0/firebase-remote-config.js","messaging":"https://www.gstatic.com/firebasejs/10.11.0/firebase-messaging.js","messaging/sw":"https://www.gstatic.com/firebasejs/10.11.0/firebase-messaging/sw.js","database":"https://www.gstatic.com/firebasejs/10.11.0/firebase-database.js","firestore.memory":"https://www.gstatic.com/firebasejs/10.11.0/firebase-firestore.memory.js"}}
[info] +  Wrote (public)/index.html 
[info] 
[info] i  Didn't detect a .git folder. Assuming C:\Users\User\Documents\Dev\minigame is the project root. 
[info] i  Authorizing with GitHub to upload your service account to a GitHub repository's secrets store. 
[info] 
[info] Visit this URL on this device to log in:
[info] https://github.com/login/oauth/authorize?client_id=89cf50f02ac6aaed3484&state=806835756&redirect_uri=http%3A%2F%2Flocalhost%3A9005&scope=read%3Auser%20repo%20public_repo
[info] 
[info] Waiting for authentication...
[debug] [2024-04-14T12:19:15.581Z] >>> [apiv2][query] POST https://github.com/login/oauth/access_token [none]
[debug] [2024-04-14T12:19:15.581Z] >>> [apiv2][body] POST https://github.com/login/oauth/access_token [stream]
[debug] [2024-04-14T12:19:15.941Z] <<< [apiv2][status] POST https://github.com/login/oauth/access_token 200
[debug] [2024-04-14T12:19:15.941Z] <<< [apiv2][body] POST https://github.com/login/oauth/access_token {"access_token":"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","token_type":"bearer","scope":"read:user,repo"}
[debug] [2024-04-14T12:19:15.948Z] >>> [apiv2][query] GET https://api.github.com/user [none]
[debug] [2024-04-14T12:19:16.366Z] <<< [apiv2][status] GET https://api.github.com/user 200
[debug] [2024-04-14T12:19:16.367Z] <<< [apiv2][body] GET https://api.github.com/user {"login":"nathanGtfe","id":167000264,"node_id":"U_kgDOCfQ4yA","avatar_url":"https://avatars.githubusercontent.com/u/167000264?v=4","gravatar_id":"","url":"https://api.github.com/users/nathanGtfe","html_url":"https://github.com/nathanGtfe","followers_url":"https://api.github.com/users/nathanGtfe/followers","following_url":"https://api.github.com/users/nathanGtfe/following{/other_user}","gists_url":"https://api.github.com/users/nathanGtfe/gists{/gist_id}","starred_url":"https://api.github.com/users/nathanGtfe/starred{/owner}{/repo}","subscriptions_url":"https://api.github.com/users/nathanGtfe/subscriptions","organizations_url":"https://api.github.com/users/nathanGtfe/orgs","repos_url":"https://api.github.com/users/nathanGtfe/repos","events_url":"https://api.github.com/users/nathanGtfe/events{/privacy}","received_events_url":"https://api.github.com/users/nathanGtfe/received_events","type":"User","site_admin":false,"name":null,"company":null,"blog":"","location":null,"email":null,"hireable":null,"bio":null,"twitter_username":null,"public_repos":0,"public_gists":0,"followers":0,"following":0,"created_at":"2024-04-14T12:11:50Z","updated_at":"2024-04-14T12:11:50Z","private_gists":0,"total_private_repos":0,"owned_private_repos":0,"disk_usage":0,"collaborators":0,"two_factor_authentication":false,"plan":{"name":"free","space":976562499,"collaborators":0,"private_repos":10000}}
[info] 
[info] +  Success! Logged into GitHub as nathanGtfe 
[info] 
[debug] [2024-04-14T12:20:28.985Z] >>> [apiv2][query] GET https://api.github.com/repos/nathanGtfe/minigame/actions/secrets/public-key type=owner
[debug] [2024-04-14T12:20:29.335Z] <<< [apiv2][status] GET https://api.github.com/repos/nathanGtfe/minigame/actions/secrets/public-key 404
[debug] [2024-04-14T12:20:29.335Z] <<< [apiv2][body] GET https://api.github.com/repos/nathanGtfe/minigame/actions/secrets/public-key {"message":"Not Found","documentation_url":"https://docs.github.com/rest/actions/secrets#get-a-repository-public-key"}
[info] 
[info] 
[error] !  The provided authorization cannot be used with this repository. If this repository is in an organization, did you remember to grant access? 
[info] 
[info] i  Action required: Visit this URL to ensure access has been granted to the appropriate organization(s) for the Firebase CLI GitHub OAuth App: 
[info] https://github.com/settings/connections/applications/89cf50f02ac6aaed3484
[info] 
[debug] [2024-04-14T12:20:38.664Z] >>> [apiv2][query] GET https://api.github.com/repos/nathanGtfe/minigame/actions/secrets/public-key type=owner
[debug] [2024-04-14T12:20:39.022Z] <<< [apiv2][status] GET https://api.github.com/repos/nathanGtfe/minigame/actions/secrets/public-key 404
[debug] [2024-04-14T12:20:39.023Z] <<< [apiv2][body] GET https://api.github.com/repos/nathanGtfe/minigame/actions/secrets/public-key {"message":"Not Found","documentation_url":"https://docs.github.com/rest/actions/secrets#get-a-repository-public-key"}
[info] 
[info] 
[error] !  The provided authorization cannot be used with this repository. If this repository is in an organization, did you remember to grant access? 
[info] 
[info] i  Action required: Visit this URL to ensure access has been granted to the appropriate organization(s) for the Firebase CLI GitHub OAuth App: 
[info] https://github.com/settings/connections/applications/89cf50f02ac6aaed3484
[info] 
[debug] [2024-04-14T12:20:43.037Z] >>> [apiv2][query] GET https://api.github.com/repos/nathanGtfe/minigame/actions/secrets/public-key type=owner
[debug] [2024-04-14T12:20:43.248Z] <<< [apiv2][status] GET https://api.github.com/repos/nathanGtfe/minigame/actions/secrets/public-key 404
[debug] [2024-04-14T12:20:43.249Z] <<< [apiv2][body] GET https://api.github.com/repos/nathanGtfe/minigame/actions/secrets/public-key {"message":"Not Found","documentation_url":"https://docs.github.com/rest/actions/secrets#get-a-repository-public-key"}
[info] 
[info] 
[error] !  The provided authorization cannot be used with this repository. If this repository is in an organization, did you remember to grant access? 
[info] 
[info] i  Action required: Visit this URL to ensure access has been granted to the appropriate organization(s) for the Firebase CLI GitHub OAuth App: 
[info] https://github.com/settings/connections/applications/89cf50f02ac6aaed3484
[info] 
[debug] [2024-04-14T12:20:43.649Z] >>> [apiv2][query] GET https://api.github.com/repos/nathanGtfe/minigame/actions/secrets/public-key type=owner
[debug] [2024-04-14T12:20:43.866Z] <<< [apiv2][status] GET https://api.github.com/repos/nathanGtfe/minigame/actions/secrets/public-key 404
[debug] [2024-04-14T12:20:43.866Z] <<< [apiv2][body] GET https://api.github.com/repos/nathanGtfe/minigame/actions/secrets/public-key {"message":"Not Found","documentation_url":"https://docs.github.com/rest/actions/secrets#get-a-repository-public-key"}
[info] 
[info] 
[error] !  The provided authorization cannot be used with this repository. If this repository is in an organization, did you remember to grant access? 
[info] 
[info] i  Action required: Visit this URL to ensure access has been granted to the appropriate organization(s) for the Firebase CLI GitHub OAuth App: 
[info] https://github.com/settings/connections/applications/89cf50f02ac6aaed3484
[info] 
[debug] [2024-04-14T12:20:44.266Z] >>> [apiv2][query] GET https://api.github.com/repos/nathanGtfe/minigame/actions/secrets/public-key type=owner
[debug] [2024-04-14T12:20:44.467Z] <<< [apiv2][status] GET https://api.github.com/repos/nathanGtfe/minigame/actions/secrets/public-key 404
[debug] [2024-04-14T12:20:44.467Z] <<< [apiv2][body] GET https://api.github.com/repos/nathanGtfe/minigame/actions/secrets/public-key {"message":"Not Found","documentation_url":"https://docs.github.com/rest/actions/secrets#get-a-repository-public-key"}
[info] 
[info] 
[error] !  The provided authorization cannot be used with this repository. If this repository is in an organization, did you remember to grant access? 
[info] 
[info] i  Action required: Visit this URL to ensure access has been granted to the appropriate organization(s) for the Firebase CLI GitHub OAuth App: 
[info] https://github.com/settings/connections/applications/89cf50f02ac6aaed3484
[info] 
